>>> say_my_name = __import__('3-say_my_name').say_my_name
>>> say_my_name("John", "Smith")
My name is John Smith
>>> say_my_name("Bob")
My name is Bob 
>>> say_my_name("Bob", None)
Traceback (most recent call last):
  File "<stdin>", line 1, in <module>
  File "/alx-higher_level_programming/0x07-python-test_driven_development/3-say_my_name.py", line 19, in say_my_name
    raise TypeError("last_name must be a string")
TypeError: last_name must be a string
>>> say_my_name(None)
Traceback (most recent call last):
  File "<stdin>", line 1, in <module>
  File "/alx-higher_level_programming/0x07-python-test_driven_development/3-say_my_name.py", line 17, in say_my_name
    raise TypeError("first_name must be a string")
TypeError: first_name must be a string
>>> say_my_name(2)
Traceback (most recent call last):
  File "<stdin>", line 1, in <module>
  File "/alx-higher_level_programming/0x07-python-test_driven_development/3-say_my_name.py", line 17, in say_my_name
    raise TypeError("first_name must be a string")
TypeError: first_name must be a string
>>> say_my_name("Bob", 9)
Traceback (most recent call last):
  File "<stdin>", line 1, in <module>
  File "/alx-higher_level_programming/0x07-python-test_driven_development/3-say_my_name.py", line 19, in say_my_name
    raise TypeError("last_name must be a string")
TypeError: last_name must be a string
>>> say_my_name()
Traceback (most recent call last):
  File "<stdin>", line 1, in <module>
TypeError: say_my_name() missing 1 required positional argument: 'first_name'
